2017-11-20 14:17:05 +0000  Initial pipeline context: <IDEDistributionProcessingPipelineContext: 0x7f949dd2d610; archive(resolved)='<IDEArchive: 0x7f948d775c30>', distributionTask(resolved)='2', distributionMethod(resolved)='<IDEDistributionMethodAdHoc: 0x7f949cc5c940>', team(resolved)='<IDEProvisioningBasicTeam 0x7f949c8317c0: teamID: 26ZQGX9T79, teamName: dawei hu>'>
	Chain (11, self inclusive):
	<IDEDistributionProcessingPipelineContext: 0x7f949dd2d610; archive = '<IDEArchive: 0x7f948d775c30>', distributionMethod='<IDEDistributionMethodAdHoc: 0x7f949cc5c940>', team='<IDEProvisioningBasicTeam 0x7f949c8317c0: teamID: 26ZQGX9T79, teamName: dawei hu>'>
	<IDEDistributionProcessingPipelineContext: 0x7f9477ee5b40; archive = '<IDEArchive: 0x7f948d775c30>', distributionMethod='<IDEDistributionMethodAdHoc: 0x7f949cc5c940>', team='<IDEProvisioningBasicTeam 0x7f949c8317c0: teamID: 26ZQGX9T79, teamName: dawei hu>'>
	<IDEDistributionContext: 0x7f9479fc22c0; archive = '<IDEArchive: 0x7f948d775c30>', distributionMethod='<IDEDistributionMethodAdHoc: 0x7f949cc5c940>', team='<IDEProvisioningBasicTeam 0x7f949c8317c0: teamID: 26ZQGX9T79, teamName: dawei hu>'>
	<IDEDistributionContext: 0x7f949c61dba0; archive = '<IDEArchive: 0x7f948d775c30>', distributionMethod='<IDEDistributionMethodAdHoc: 0x7f949cc5c940>', team='<IDEProvisioningBasicTeam 0x7f949c8317c0: teamID: 26ZQGX9T79, teamName: dawei hu>'>
	<IDEDistributionContext: 0x7f9477664c00; archive = '<IDEArchive: 0x7f948d775c30>', distributionMethod='<IDEDistributionMethodAdHoc: 0x7f949cc5c940>', team='<IDEProvisioningBasicTeam 0x7f949c8317c0: teamID: 26ZQGX9T79, teamName: dawei hu>'>
	<IDEDistributionContext: 0x7f94801f6520; archive = '<IDEArchive: 0x7f948d775c30>', distributionMethod='<IDEDistributionMethodAdHoc: 0x7f949cc5c940>', team='<IDEProvisioningBasicTeam 0x7f949c8317c0: teamID: 26ZQGX9T79, teamName: dawei hu>'>
	<IDEDistributionContext: 0x7f947d6844c0; archive = '<IDEArchive: 0x7f948d775c30>', distributionMethod='<IDEDistributionMethodAdHoc: 0x7f949cc5c940>', team='<IDEProvisioningBasicTeam 0x7f949c8317c0: teamID: 26ZQGX9T79, teamName: dawei hu>'>
	<IDEDistributionContext: 0x7f94743cd380; archive = '<IDEArchive: 0x7f948d775c30>', distributionMethod='<IDEDistributionMethodAdHoc: 0x7f949cc5c940>', team='<IDEProvisioningBasicTeam 0x7f949c8317c0: teamID: 26ZQGX9T79, teamName: dawei hu>'>
	<IDEDistributionContext: 0x7f948f6a4270; archive = '<IDEArchive: 0x7f948d775c30>', distributionMethod='<IDEDistributionMethodAdHoc: 0x7f949cc5c940>', team='<IDEProvisioningBasicTeam 0x7f949c8317c0: teamID: 26ZQGX9T79, teamName: dawei hu>'>
	<IDEDistributionContext: 0x7f9478edaec0; archive = '<IDEArchive: 0x7f948d775c30>', distributionMethod='<IDEDistributionMethodAdHoc: 0x7f949cc5c940>', team='(null)'>
	<IDEDistributionContext: 0x7f94973d04b0; archive = '<IDEArchive: 0x7f948d775c30>', distributionMethod='(null)', team='(null)'>
</IDEDistributionProcessingPipelineContext: 0x7f949dd2d610>
2017-11-20 14:17:05 +0000  Processing step: IDEDistributionCreateDestRootStep
2017-11-20 14:17:05 +0000  Processing step: IDEDistributionCopyItemStep
2017-11-20 14:17:05 +0000  Running /usr/bin/ditto '-V' '/Users/zhao/Library/Developer/Xcode/Archives/2017-11-20/ZSHApp 2017-11-20 22.15.xcarchive/Products/Applications/荣耀黑卡.app' '/var/folders/rr/3sqr_mx54vl7rkbczcsg2d_m0000gn/T/XcodeDistPipeline.oHJ/Root/Payload/荣耀黑卡.app'
2017-11-20 14:17:05 +0000  >>> Copying /Users/zhao/Library/Developer/Xcode/Archives/2017-11-20/ZSHApp 2017-11-20 22.15.xcarchive/Products/Applications/荣耀黑卡.app 
2017-11-20 14:17:05 +0000  copying file ./_CodeSignature/CodeResources ... 
2017-11-20 14:17:05 +0000  39331 bytes for ./_CodeSignature/CodeResources
2017-11-20 14:17:05 +0000  copying file ./AppIcon60x60@2x.png ... 
2017-11-20 14:17:05 +0000  7385 bytes for ./AppIcon60x60@2x.png
2017-11-20 14:17:05 +0000  copying file ./AppIcon60x60@3x.png ... 
2017-11-20 14:17:05 +0000  11368 bytes for ./AppIcon60x60@3x.png
2017-11-20 14:17:05 +0000  copying file ./archived-expanded-entitlements.xcent ... 
2017-11-20 14:17:05 +0000  364 bytes for ./archived-expanded-entitlements.xcent
2017-11-20 14:17:05 +0000  copying file ./Assets.car ... 
2017-11-20 14:17:06 +0000  128218440 bytes for ./Assets.car
2017-11-20 14:17:06 +0000  copying file ./Base.lproj/LaunchScreen.storyboardc/01J-lp-oVM-view-Ze5-6b-2t3.nib ... 
1791 bytes for ./Base.lproj/LaunchScreen.storyboardc/01J-lp-oVM-view-Ze5-6b-2t3.nib
copying file ./Base.lproj/LaunchScreen.storyboardc/Info.plist ... 
258 bytes for ./Base.lproj/LaunchScreen.storyboardc/Info.plist
copying file ./Base.lproj/LaunchScreen.storyboardc/UIViewController-01J-lp-oVM.nib ... 
832 bytes for ./Base.lproj/LaunchScreen.storyboardc/UIViewController-01J-lp-oVM.nib
copying file ./cellData.plist ... 
745 bytes for ./cellData.plist
copying file ./ClassiftyGoods01.plist ... 
2153 bytes for ./ClassiftyGoods01.plist
copying file ./ClassiftyGoods02.plist ... 
3001 bytes for ./ClassiftyGoods02.plist
copying file ./ClassiftyGoods03.plist ... 
2160 bytes for ./ClassiftyGoods03.plist
copying file ./ClassifyTitles.plist ... 
371 bytes for ./ClassifyTitles.plist
copying file ./embedded.mobileprovision ... 
7441 bytes for ./embedded.mobileprovision
copying file ./Info.plist ... 
2092 bytes for ./Info.plist
copying file ./IQKeyboardManager.bundle/IQButtonBarArrowDown@2x.png ... 
1764 bytes for ./IQKeyboardManager.bundle/IQButtonBarArrowDown@2x.png
copying file ./IQKeyboardManager.bundle/IQButtonBarArrowDown@3x.png ... 
2177 bytes for ./IQKeyboardManager.bundle/IQButtonBarArrowDown@3x.png
copying file ./IQKeyboardManager.bundle/IQButtonBarArrowLeft@2x.png ... 
1793 bytes for ./IQKeyboardManager.bundle/IQButtonBarArrowLeft@2x.png
copying file ./IQKeyboardManager.bundle/IQButtonBarArrowLeft@3x.png ... 
2017-11-20 14:17:06 +0000  1815 bytes for ./IQKeyboardManager.bundle/IQButtonBarArrowLeft@3x.png
copying file ./IQKeyboardManager.bundle/IQButtonBarArrowRight@2x.png ... 
2017-11-20 14:17:06 +0000  1786 bytes for ./IQKeyboardManager.bundle/IQButtonBarArrowRight@2x.png
2017-11-20 14:17:06 +0000  copying file ./IQKeyboardManager.bundle/IQButtonBarArrowRight@3x.png ... 
2017-11-20 14:17:06 +0000  1844 bytes for ./IQKeyboardManager.bundle/IQButtonBarArrowRight@3x.png
2017-11-20 14:17:06 +0000  copying file ./IQKeyboardManager.bundle/IQButtonBarArrowUp@2x.png ... 
2017-11-20 14:17:06 +0000  1769 bytes for ./IQKeyboardManager.bundle/IQButtonBarArrowUp@2x.png
2017-11-20 14:17:06 +0000  copying file ./IQKeyboardManager.bundle/IQButtonBarArrowUp@3x.png ... 
2017-11-20 14:17:06 +0000  2164 bytes for ./IQKeyboardManager.bundle/IQButtonBarArrowUp@3x.png
2017-11-20 14:17:06 +0000  copying file ./JSCartCell.nib ... 
2017-11-20 14:17:06 +0000  3763 bytes for ./JSCartCell.nib
copying file ./MBHUD_Error@2x.png ... 
2017-11-20 14:17:06 +0000  2541 bytes for ./MBHUD_Error@2x.png
2017-11-20 14:17:06 +0000  copying file ./MBHUD_Error@3x.png ... 
2017-11-20 14:17:06 +0000  3805 bytes for ./MBHUD_Error@3x.png
2017-11-20 14:17:06 +0000  copying file ./MBHUD_Info@2x.png ... 
2017-11-20 14:17:06 +0000  2747 bytes for ./MBHUD_Info@2x.png
2017-11-20 14:17:06 +0000  copying file ./MBHUD_Info@3x.png ... 
2017-11-20 14:17:06 +0000  4074 bytes for ./MBHUD_Info@3x.png
2017-11-20 14:17:06 +0000  copying file ./MBHUD_Success@2x.png ... 
2017-11-20 14:17:06 +0000  2458 bytes for ./MBHUD_Success@2x.png
copying file ./MBHUD_Success@3x.png ... 
2017-11-20 14:17:06 +0000  3749 bytes for ./MBHUD_Success@3x.png
copying file ./MBHUD_Warn@2x.png ... 
2017-11-20 14:17:06 +0000  4088 bytes for ./MBHUD_Warn@2x.png
copying file ./MBHUD_Warn@3x.png ... 
2017-11-20 14:17:06 +0000  1777 bytes for ./MBHUD_Warn@3x.png
2017-11-20 14:17:06 +0000  copying file ./MJRefresh.bundle/arrow@2x.png ... 
2017-11-20 14:17:06 +0000  1033 bytes for ./MJRefresh.bundle/arrow@2x.png
2017-11-20 14:17:06 +0000  copying file ./MJRefresh.bundle/en.lproj/Localizable.strings ... 
2017-11-20 14:17:06 +0000  1372 bytes for ./MJRefresh.bundle/en.lproj/Localizable.strings
2017-11-20 14:17:06 +0000  copying file ./MJRefresh.bundle/zh-Hans.lproj/Localizable.strings ... 
2017-11-20 14:17:06 +0000  1194 bytes for ./MJRefresh.bundle/zh-Hans.lproj/Localizable.strings
2017-11-20 14:17:06 +0000  copying file ./MJRefresh.bundle/zh-Hant.lproj/Localizable.strings ... 
2017-11-20 14:17:06 +0000  773 bytes for ./MJRefresh.bundle/zh-Hant.lproj/Localizable.strings
2017-11-20 14:17:06 +0000  copying file ./NMCVideoFilter.bundle/lookup.png ... 
2017-11-20 14:17:06 +0000  2095 bytes for ./NMCVideoFilter.bundle/lookup.png
2017-11-20 14:17:06 +0000  copying file ./NMCVideoFilter.bundle/lookup_amatorka.png ... 
2017-11-20 14:17:06 +0000  126343 bytes for ./NMCVideoFilter.bundle/lookup_amatorka.png
copying file ./NMCVideoFilter.bundle/meiyan1.jpg ... 
2017-11-20 14:17:06 +0000  145966 bytes for ./NMCVideoFilter.bundle/meiyan1.jpg
copying file ./NMCVideoFilter.bundle/meiyan2.jpg ... 
2017-11-20 14:17:06 +0000  113797 bytes for ./NMCVideoFilter.bundle/meiyan2.jpg
2017-11-20 14:17:06 +0000  copying file ./PkgInfo ... 
2017-11-20 14:17:06 +0000  8 bytes for ./PkgInfo
2017-11-20 14:17:06 +0000  copying file ./SGQRCode.bundle/en.lproj/Root.strings ... 
2017-11-20 14:17:06 +0000  546 bytes for ./SGQRCode.bundle/en.lproj/Root.strings
2017-11-20 14:17:06 +0000  copying file ./SGQRCode.bundle/QRCodeScanningLine@2x.png ... 
2017-11-20 14:17:06 +0000  2231 bytes for ./SGQRCode.bundle/QRCodeScanningLine@2x.png
2017-11-20 14:17:06 +0000  copying file ./SGQRCode.bundle/QRCodeScanningLine@3x.png ... 
2017-11-20 14:17:06 +0000  3891 bytes for ./SGQRCode.bundle/QRCodeScanningLine@3x.png
2017-11-20 14:17:06 +0000  copying file ./SGQRCode.bundle/QRCodeScanningLineGrid@2x.png ... 
2017-11-20 14:17:06 +0000  7999 bytes for ./SGQRCode.bundle/QRCodeScanningLineGrid@2x.png
copying file ./SGQRCode.bundle/QRCodeScanningLineGrid@3x.png ... 
2017-11-20 14:17:06 +0000  14817 bytes for ./SGQRCode.bundle/QRCodeScanningLineGrid@3x.png
copying file ./SGQRCode.bundle/Root.plist ... 
2017-11-20 14:17:06 +0000  1456 bytes for ./SGQRCode.bundle/Root.plist
copying file ./SGQRCode.bundle/sound.caf ... 
2017-11-20 14:17:06 +0000  129556 bytes for ./SGQRCode.bundle/sound.caf
2017-11-20 14:17:06 +0000  copying file ./UMSocialSDKPromptResources.bundle/en.lproj/UMSocialPromptLocalizable.strings ... 
2017-11-20 14:17:06 +0000  8304 bytes for ./UMSocialSDKPromptResources.bundle/en.lproj/UMSocialPromptLocalizable.strings
2017-11-20 14:17:06 +0000  copying file ./UMSocialSDKPromptResources.bundle/zh-Hans.lproj/UMSocialPromptLocalizable.strings ... 
2017-11-20 14:17:06 +0000  8304 bytes for ./UMSocialSDKPromptResources.bundle/zh-Hans.lproj/UMSocialPromptLocalizable.strings
2017-11-20 14:17:06 +0000  copying file ./UMSocialSDKResources.bundle/Buttons/UMS_add_friend_off@2x.png ... 
2017-11-20 14:17:06 +0000  134 bytes for ./UMSocialSDKResources.bundle/Buttons/UMS_add_friend_off@2x.png
copying file ./UMSocialSDKResources.bundle/Buttons/UMS_delete_image_button_normal@2x.png ... 
2017-11-20 14:17:06 +0000  891 bytes for ./UMSocialSDKResources.bundle/Buttons/UMS_delete_image_button_normal@2x.png
2017-11-20 14:17:06 +0000  copying file ./UMSocialSDKResources.bundle/Buttons/UMS_nav_button_close@2x.png ... 
2017-11-20 14:17:06 +0000  500 bytes for ./UMSocialSDKResources.bundle/Buttons/UMS_nav_button_close@2x.png
copying file ./UMSocialSDKResources.bundle/Buttons/UMS_nav_button_send@2x.png ... 
2017-11-20 14:17:06 +0000  1624 bytes for ./UMSocialSDKResources.bundle/Buttons/UMS_nav_button_send@2x.png
copying file ./UMSocialSDKResources.bundle/Buttons/UMS_url_image@2x.png ... 
2017-11-20 14:17:06 +0000  1562 bytes for ./UMSocialSDKResources.bundle/Buttons/UMS_url_image@2x.png
2017-11-20 14:17:06 +0000  copying file ./UMSocialSDKResources.bundle/Buttons/UMS_url_music@2x.png ... 
2017-11-20 14:17:06 +0000  1771 bytes for ./UMSocialSDKResources.bundle/Buttons/UMS_url_music@2x.png
copying file ./UMSocialSDKResources.bundle/Buttons/UMS_url_video@2x.png ... 
2017-11-20 14:17:06 +0000  2062 bytes for ./UMSocialSDKResources.bundle/Buttons/UMS_url_video@2x.png
2017-11-20 14:17:06 +0000  copying file ./UMSocialSDKResources.bundle/en.lproj/UMSocialLocalizable.strings ... 
2017-11-20 14:17:06 +0000  6503 bytes for ./UMSocialSDKResources.bundle/en.lproj/UMSocialLocalizable.strings
2017-11-20 14:17:06 +0000  copying file ./UMSocialSDKResources.bundle/UMSocialPlatformTheme/default/umsocial_alipay.png ... 
2017-11-20 14:17:06 +0000  1370 bytes for ./UMSocialSDKResources.bundle/UMSocialPlatformTheme/default/umsocial_alipay.png
2017-11-20 14:17:06 +0000  copying file ./UMSocialSDKResources.bundle/UMSocialPlatformTheme/default/umsocial_default.png ... 
2017-11-20 14:17:06 +0000  4203 bytes for ./UMSocialSDKResources.bundle/UMSocialPlatformTheme/default/umsocial_default.png
2017-11-20 14:17:06 +0000  copying file ./UMSocialSDKResources.bundle/UMSocialPlatformTheme/default/umsocial_dingding.png ... 
2017-11-20 14:17:06 +0000  1390 bytes for ./UMSocialSDKResources.bundle/UMSocialPlatformTheme/default/umsocial_dingding.png
2017-11-20 14:17:06 +0000  copying file ./UMSocialSDKResources.bundle/UMSocialPlatformTheme/default/umsocial_douban.png ... 
2017-11-20 14:17:06 +0000  813 bytes for ./UMSocialSDKResources.bundle/UMSocialPlatformTheme/default/umsocial_douban.png
2017-11-20 14:17:06 +0000  copying file ./UMSocialSDKResources.bundle/UMSocialPlatformTheme/default/umsocial_dropbox.png ... 
2017-11-20 14:17:06 +0000  1692 bytes for ./UMSocialSDKResources.bundle/UMSocialPlatformTheme/default/umsocial_dropbox.png
2017-11-20 14:17:06 +0000  copying file ./UMSocialSDKResources.bundle/UMSocialPlatformTheme/default/umsocial_email.png ... 
2017-11-20 14:17:06 +0000  1211 bytes for ./UMSocialSDKResources.bundle/UMSocialPlatformTheme/default/umsocial_email.png
2017-11-20 14:17:06 +0000  copying file ./UMSocialSDKResources.bundle/UMSocialPlatformTheme/default/umsocial_evernote.png ... 
2017-11-20 14:17:06 +0000  1267 bytes for ./UMSocialSDKResources.bundle/UMSocialPlatformTheme/default/umsocial_evernote.png
copying file ./UMSocialSDKResources.bundle/UMSocialPlatformTheme/default/umsocial_facebook.png ... 
2017-11-20 14:17:06 +0000  1468 bytes for ./UMSocialSDKResources.bundle/UMSocialPlatformTheme/default/umsocial_facebook.png
2017-11-20 14:17:06 +0000  copying file ./UMSocialSDKResources.bundle/UMSocialPlatformTheme/default/umsocial_facebookmessenger.png ... 
2017-11-20 14:17:06 +0000  1749 bytes for ./UMSocialSDKResources.bundle/UMSocialPlatformTheme/default/umsocial_facebookmessenger.png
2017-11-20 14:17:06 +0000  copying file ./UMSocialSDKResources.bundle/UMSocialPlatformTheme/default/umsocial_flickr.png ... 
2017-11-20 14:17:06 +0000  979 bytes for ./UMSocialSDKResources.bundle/UMSocialPlatformTheme/default/umsocial_flickr.png
2017-11-20 14:17:06 +0000  copying file ./UMSocialSDKResources.bundle/UMSocialPlatformTheme/default/umsocial_googleplus.png ... 
2017-11-20 14:17:06 +0000  2320 bytes for ./UMSocialSDKResources.bundle/UMSocialPlatformTheme/default/umsocial_googleplus.png
2017-11-20 14:17:06 +0000  copying file ./UMSocialSDKResources.bundle/UMSocialPlatformTheme/default/umsocial_instagram.png ... 
2017-11-20 14:17:06 +0000  1952 bytes for ./UMSocialSDKResources.bundle/UMSocialPlatformTheme/default/umsocial_instagram.png
2017-11-20 14:17:06 +0000  copying file ./UMSocialSDKResources.bundle/UMSocialPlatformTheme/default/umsocial_kakaoTalk.png ... 
2017-11-20 14:17:06 +0000  1893 bytes for ./UMSocialSDKResources.bundle/UMSocialPlatformTheme/default/umsocial_kakaoTalk.png
2017-11-20 14:17:06 +0000  copying file ./UMSocialSDKResources.bundle/UMSocialPlatformTheme/default/umsocial_line.png ... 
2017-11-20 14:17:06 +0000  1720 bytes for ./UMSocialSDKResources.bundle/UMSocialPlatformTheme/default/umsocial_line.png
2017-11-20 14:17:06 +0000  copying file ./UMSocialSDKResources.bundle/UMSocialPlatformTheme/default/umsocial_linkedin.png ... 
2017-11-20 14:17:06 +0000  1637 bytes for ./UMSocialSDKResources.bundle/UMSocialPlatformTheme/default/umsocial_linkedin.png
2017-11-20 14:17:06 +0000  copying file ./UMSocialSDKResources.bundle/UMSocialPlatformTheme/default/umsocial_lw_session.png ... 
2017-11-20 14:17:06 +0000  2391 bytes for ./UMSocialSDKResources.bundle/UMSocialPlatformTheme/default/umsocial_lw_session.png
2017-11-20 14:17:06 +0000  copying file ./UMSocialSDKResources.bundle/UMSocialPlatformTheme/default/umsocial_lw_timeline.png ... 
2017-11-20 14:17:06 +0000  1139 bytes for ./UMSocialSDKResources.bundle/UMSocialPlatformTheme/default/umsocial_lw_timeline.png
2017-11-20 14:17:06 +0000  copying file ./UMSocialSDKResources.bundle/UMSocialPlatformTheme/default/umsocial_pinterest.png ... 
2017-11-20 14:17:06 +0000  1987 bytes for ./UMSocialSDKResources.bundle/UMSocialPlatformTheme/default/umsocial_pinterest.png
2017-11-20 14:17:06 +0000  copying file ./UMSocialSDKResources.bundle/UMSocialPlatformTheme/default/umsocial_pocket.png ... 
2017-11-20 14:17:06 +0000  1405 bytes for ./UMSocialSDKResources.bundle/UMSocialPlatformTheme/default/umsocial_pocket.png
2017-11-20 14:17:06 +0000  copying file ./UMSocialSDKResources.bundle/UMSocialPlatformTheme/default/umsocial_qq.png ... 
2017-11-20 14:17:06 +0000  3505 bytes for ./UMSocialSDKResources.bundle/UMSocialPlatformTheme/default/umsocial_qq.png
copying file ./UMSocialSDKResources.bundle/UMSocialPlatformTheme/default/umsocial_qzone.png ... 
2017-11-20 14:17:06 +0000  2083 bytes for ./UMSocialSDKResources.bundle/UMSocialPlatformTheme/default/umsocial_qzone.png
2017-11-20 14:17:06 +0000  copying file ./UMSocialSDKResources.bundle/UMSocialPlatformTheme/default/umsocial_renren.png ... 
2017-11-20 14:17:06 +0000  1529 bytes for ./UMSocialSDKResources.bundle/UMSocialPlatformTheme/default/umsocial_renren.png
copying file ./UMSocialSDKResources.bundle/UMSocialPlatformTheme/default/umsocial_sina.png ... 
2017-11-20 14:17:06 +0000  2581 bytes for ./UMSocialSDKResources.bundle/UMSocialPlatformTheme/default/umsocial_sina.png
copying file ./UMSocialSDKResources.bundle/UMSocialPlatformTheme/default/umsocial_sms.png ... 
2017-11-20 14:17:06 +0000  1127 bytes for ./UMSocialSDKResources.bundle/UMSocialPlatformTheme/default/umsocial_sms.png
2017-11-20 14:17:06 +0000  copying file ./UMSocialSDKResources.bundle/UMSocialPlatformTheme/default/umsocial_tencentWB.png ... 
2017-11-20 14:17:06 +0000  1943 bytes for ./UMSocialSDKResources.bundle/UMSocialPlatformTheme/default/umsocial_tencentWB.png
2017-11-20 14:17:06 +0000  copying file ./UMSocialSDKResources.bundle/UMSocialPlatformTheme/default/umsocial_tim.png ... 
2017-11-20 14:17:06 +0000  2597 bytes for ./UMSocialSDKResources.bundle/UMSocialPlatformTheme/default/umsocial_tim.png
copying file ./UMSocialSDKResources.bundle/UMSocialPlatformTheme/default/umsocial_tumblr.png ... 
2017-11-20 14:17:06 +0000  1564 bytes for ./UMSocialSDKResources.bundle/UMSocialPlatformTheme/default/umsocial_tumblr.png
copying file ./UMSocialSDKResources.bundle/UMSocialPlatformTheme/default/umsocial_twitter.png ... 
2017-11-20 14:17:06 +0000  1442 bytes for ./UMSocialSDKResources.bundle/UMSocialPlatformTheme/default/umsocial_twitter.png
2017-11-20 14:17:06 +0000  copying file ./UMSocialSDKResources.bundle/UMSocialPlatformTheme/default/umsocial_vkontakte.png ... 
2017-11-20 14:17:06 +0000  1867 bytes for ./UMSocialSDKResources.bundle/UMSocialPlatformTheme/default/umsocial_vkontakte.png
copying file ./UMSocialSDKResources.bundle/UMSocialPlatformTheme/default/umsocial_wechat.png ... 
2017-11-20 14:17:06 +0000  1628 bytes for ./UMSocialSDKResources.bundle/UMSocialPlatformTheme/default/umsocial_wechat.png
copying file ./UMSocialSDKResources.bundle/UMSocialPlatformTheme/default/umsocial_wechat_favorite.png ... 
2017-11-20 14:17:06 +0000  1179 bytes for ./UMSocialSDKResources.bundle/UMSocialPlatformTheme/default/umsocial_wechat_favorite.png
2017-11-20 14:17:06 +0000  copying file ./UMSocialSDKResources.bundle/UMSocialPlatformTheme/default/umsocial_wechat_timeline.png ... 
2017-11-20 14:17:06 +0000  1506 bytes for ./UMSocialSDKResources.bundle/UMSocialPlatformTheme/default/umsocial_wechat_timeline.png
2017-11-20 14:17:06 +0000  copying file ./UMSocialSDKResources.bundle/UMSocialPlatformTheme/default/umsocial_whatsapp.png ... 
2017-11-20 14:17:06 +0000  1832 bytes for ./UMSocialSDKResources.bundle/UMSocialPlatformTheme/default/umsocial_whatsapp.png
copying file ./UMSocialSDKResources.bundle/UMSocialPlatformTheme/default/umsocial_yixin_favorite.png ... 
2017-11-20 14:17:06 +0000  4145 bytes for ./UMSocialSDKResources.bundle/UMSocialPlatformTheme/default/umsocial_yixin_favorite.png
2017-11-20 14:17:06 +0000  copying file ./UMSocialSDKResources.bundle/UMSocialPlatformTheme/default/umsocial_yixin_session.png ... 
2017-11-20 14:17:06 +0000  1833 bytes for ./UMSocialSDKResources.bundle/UMSocialPlatformTheme/default/umsocial_yixin_session.png
copying file ./UMSocialSDKResources.bundle/UMSocialPlatformTheme/default/umsocial_yixin_timeline.png ... 
2017-11-20 14:17:06 +0000  2199 bytes for ./UMSocialSDKResources.bundle/UMSocialPlatformTheme/default/umsocial_yixin_timeline.png
copying file ./UMSocialSDKResources.bundle/UMSocialPlatformTheme/default/umsocial_youdaonote.png ... 
2017-11-20 14:17:06 +0000  1158 bytes for ./UMSocialSDKResources.bundle/UMSocialPlatformTheme/default/umsocial_youdaonote.png
2017-11-20 14:17:06 +0000  copying file ./UMSocialSDKResources.bundle/UMSocialWaterMark/umsocial_defaultwatermark.png ... 
2017-11-20 14:17:06 +0000  3003 bytes for ./UMSocialSDKResources.bundle/UMSocialWaterMark/umsocial_defaultwatermark.png
2017-11-20 14:17:06 +0000  copying file ./UMSocialSDKResources.bundle/zh-Hans.lproj/UMSocialLocalizable.strings ... 
2017-11-20 14:17:06 +0000  6685 bytes for ./UMSocialSDKResources.bundle/zh-Hans.lproj/UMSocialLocalizable.strings
2017-11-20 14:17:06 +0000  copying file ./YouLikeGoods.plist ... 
2017-11-20 14:17:06 +0000  1792 bytes for ./YouLikeGoods.plist
copying file ./ZSHSpeedy.d ... 
2017-11-20 14:17:06 +0000  9644 bytes for ./ZSHSpeedy.d
2017-11-20 14:17:06 +0000  copying file ./ZSHSpeedy.dia ... 
2017-11-20 14:17:06 +0000  220 bytes for ./ZSHSpeedy.dia
2017-11-20 14:17:06 +0000  copying file ./ZSHSpeedy.h ... 
2017-11-20 14:17:06 +0000  2238 bytes for ./ZSHSpeedy.h
copying file ./ZSHSpeedy.o ... 
2017-11-20 14:17:06 +0000  55964 bytes for ./ZSHSpeedy.o
2017-11-20 14:17:06 +0000  copying file ./荣耀黑卡 ... 
2017-11-20 14:17:06 +0000  26540416 bytes for ./荣耀黑卡
2017-11-20 14:17:06 +0000  /usr/bin/ditto exited with 0
2017-11-20 14:17:06 +0000  Processing step: IDEDistributionEmbedProfileStep
2017-11-20 14:17:06 +0000  Skipping profile for item: <IDEDistributionItem: 0x7f947908bc10 '(null)' '<DVTFilePath:0x7f948e4def40:'/Users/zhao/Library/Developer/Xcode/Archives/2017-11-20/ZSHApp 2017-11-20 22.15.xcarchive/Products/Applications/荣耀黑卡.app/ZSHSpeedy.o'>'>
2017-11-20 14:17:06 +0000  Processing step: IDEDistributionAppThinningPlistStep
2017-11-20 14:17:06 +0000  Skipping step: IDEDistributionAppThinningPlistStep because it said so
2017-11-20 14:17:06 +0000  Processing step: IDEDistributionCompileBitcodeStep
2017-11-20 14:17:06 +0000  Skipping step: IDEDistributionCompileBitcodeStep because it said so
2017-11-20 14:17:06 +0000  Processing step: IDEDistributionCodeSlimmingStep
2017-11-20 14:17:06 +0000  Processing step: IDEDistributionCopyBCSymbolMapsStep
2017-11-20 14:17:06 +0000  Skipping step: IDEDistributionCopyBCSymbolMapsStep because it said so
2017-11-20 14:17:06 +0000  Skipping step: IDEDistributionCopyBCSymbolMapsStep because it said so
2017-11-20 14:17:06 +0000  Processing step: IDEDistributionSymbolsStep
2017-11-20 14:17:06 +0000  Skipping step: IDEDistributionSymbolsStep because it said so
2017-11-20 14:17:06 +0000  Skipping step: IDEDistributionSymbolsStep because it said so
2017-11-20 14:17:06 +0000  Processing step: IDEDistributionAppThinningStep
2017-11-20 14:17:06 +0000  Skipping step: IDEDistributionAppThinningStep because it said so
2017-11-20 14:17:06 +0000  Processing step: IDEDistributionODRStep
2017-11-20 14:17:06 +0000  Processing step: IDEDistributionStripXattrsStep
2017-11-20 14:17:06 +0000  Skipping stripping extended attributes of item: <IDEDistributionItem: 0x7f947908bc10 '(null)' '<DVTFilePath:0x7f948e4def40:'/Users/zhao/Library/Developer/Xcode/Archives/2017-11-20/ZSHApp 2017-11-20 22.15.xcarchive/Products/Applications/荣耀黑卡.app/ZSHSpeedy.o'>'>
2017-11-20 14:17:06 +0000  Running /usr/bin/xattr '-crs' '/var/folders/rr/3sqr_mx54vl7rkbczcsg2d_m0000gn/T/XcodeDistPipeline.oHJ/Root/Payload/荣耀黑卡.app'
2017-11-20 14:17:06 +0000  /usr/bin/xattr exited with 0
2017-11-20 14:17:06 +0000  Processing step: IDEDistributionCodesignStep
2017-11-20 14:17:06 +0000  Applying entitlements delta for <IDEDistributionItem: 0x7f947908bc10 '(null)' '<DVTFilePath:0x7f948e4def40:'/Users/zhao/Library/Developer/Xcode/Archives/2017-11-20/ZSHApp 2017-11-20 22.15.xcarchive/Products/Applications/荣耀黑卡.app/ZSHSpeedy.o'>'> from <IDEiCloudEntitlementsProcessor: 0x7f9479cecc50>: {
}
2017-11-20 14:17:06 +0000  Entitlements for <IDEDistributionItem: 0x7f947908bc10 '(null)' '<DVTFilePath:0x7f948e4def40:'/Users/zhao/Library/Developer/Xcode/Archives/2017-11-20/ZSHApp 2017-11-20 22.15.xcarchive/Products/Applications/荣耀黑卡.app/ZSHSpeedy.o'>'>: {
}
2017-11-20 14:17:06 +0000  Writing entitlements for <IDEDistributionItem: 0x7f947908bc10 '(null)' '<DVTFilePath:0x7f948e4def40:'/Users/zhao/Library/Developer/Xcode/Archives/2017-11-20/ZSHApp 2017-11-20 22.15.xcarchive/Products/Applications/荣耀黑卡.app/ZSHSpeedy.o'>'> to: /var/folders/rr/3sqr_mx54vl7rkbczcsg2d_m0000gn/T/XcodeDistPipeline.oHJ/entitlementsqLTmRe
2017-11-20 14:17:06 +0000  Running /usr/bin/codesign '-vvv' '--force' '--sign' '4523659D82F5900FA94C75316F8F65851074791E' '--preserve-metadata=identifier,flags' '--entitlements' '/var/folders/rr/3sqr_mx54vl7rkbczcsg2d_m0000gn/T/XcodeDistPipeline.oHJ/entitlementsqLTmRe' '/var/folders/rr/3sqr_mx54vl7rkbczcsg2d_m0000gn/T/XcodeDistPipeline.oHJ/Root/Payload/荣耀黑卡.app/ZSHSpeedy.o'
2017-11-20 14:17:07 +0000  /var/folders/rr/3sqr_mx54vl7rkbczcsg2d_m0000gn/T/XcodeDistPipeline.oHJ/Root/Payload/荣耀黑卡.app/ZSHSpeedy.o: signed generic [ZSHSpeedy]
2017-11-20 14:17:07 +0000  /usr/bin/codesign exited with 0
2017-11-20 14:17:07 +0000  Applying entitlements delta for <IDEDistributionItem: 0x7f947762af00 'com.zoe.TC168' '<DVTFilePath:0x7f9488ac6110:'/Users/zhao/Library/Developer/Xcode/Archives/2017-11-20/ZSHApp 2017-11-20 22.15.xcarchive/Products/Applications/荣耀黑卡.app'>'> from <IDEiCloudEntitlementsProcessor: 0x7f9475299100>: {
}
2017-11-20 14:17:07 +0000  Entitlements for <IDEDistributionItem: 0x7f947762af00 'com.zoe.TC168' '<DVTFilePath:0x7f9488ac6110:'/Users/zhao/Library/Developer/Xcode/Archives/2017-11-20/ZSHApp 2017-11-20 22.15.xcarchive/Products/Applications/荣耀黑卡.app'>'>: {
    "application-identifier" = "26ZQGX9T79.com.zoe.TC168";
    "com.apple.developer.team-identifier" = 26ZQGX9T79;
    "get-task-allow" = 0;
    "keychain-access-groups" =     (
        "26ZQGX9T79.com.zoe.TC168"
    );
}
2017-11-20 14:17:07 +0000  Writing entitlements for <IDEDistributionItem: 0x7f947762af00 'com.zoe.TC168' '<DVTFilePath:0x7f9488ac6110:'/Users/zhao/Library/Developer/Xcode/Archives/2017-11-20/ZSHApp 2017-11-20 22.15.xcarchive/Products/Applications/荣耀黑卡.app'>'> to: /var/folders/rr/3sqr_mx54vl7rkbczcsg2d_m0000gn/T/XcodeDistPipeline.oHJ/entitlementsAXGxOm
2017-11-20 14:17:07 +0000  Running /usr/bin/codesign '-vvv' '--force' '--sign' '4523659D82F5900FA94C75316F8F65851074791E' '--preserve-metadata=identifier,flags' '--entitlements' '/var/folders/rr/3sqr_mx54vl7rkbczcsg2d_m0000gn/T/XcodeDistPipeline.oHJ/entitlementsAXGxOm' '/var/folders/rr/3sqr_mx54vl7rkbczcsg2d_m0000gn/T/XcodeDistPipeline.oHJ/Root/Payload/荣耀黑卡.app'
2017-11-20 14:17:07 +0000  /var/folders/rr/3sqr_mx54vl7rkbczcsg2d_m0000gn/T/XcodeDistPipeline.oHJ/Root/Payload/荣耀黑卡.app: replacing existing signature
2017-11-20 14:17:08 +0000  /var/folders/rr/3sqr_mx54vl7rkbczcsg2d_m0000gn/T/XcodeDistPipeline.oHJ/Root/Payload/荣耀黑卡.app: signed app bundle with Mach-O universal (armv7 arm64) [com.zoe.TC168]
2017-11-20 14:17:08 +0000  /usr/bin/codesign exited with 0
2017-11-20 14:17:08 +0000  Processing step: IDEDistributionStreamingZipItemStep
2017-11-20 14:17:08 +0000  Skipping step: IDEDistributionStreamingZipItemStep because it said so
2017-11-20 14:17:08 +0000  Skipping step: IDEDistributionStreamingZipItemStep because it said so
2017-11-20 14:17:08 +0000  Processing step: IDEDistributionCreateIPAStep
2017-11-20 14:17:08 +0000  Running /usr/bin/ditto '-V' '-c' '-k' '--norsrc' '/var/folders/rr/3sqr_mx54vl7rkbczcsg2d_m0000gn/T/XcodeDistPipeline.oHJ/Root' '/var/folders/rr/3sqr_mx54vl7rkbczcsg2d_m0000gn/T/XcodeDistPipeline.oHJ/Packages/ZSHApp.ipa'
2017-11-20 14:17:08 +0000  >>> Copying /var/folders/rr/3sqr_mx54vl7rkbczcsg2d_m0000gn/T/XcodeDistPipeline.oHJ/Root 
2017-11-20 14:17:08 +0000  copying file ./Payload/荣耀黑卡.app/_CodeSignature/CodeResources ... 
2017-11-20 14:17:08 +0000  39331 bytes for ./Payload/荣耀黑卡.app/_CodeSignature/CodeResources
2017-11-20 14:17:08 +0000  copying file ./Payload/荣耀黑卡.app/AppIcon60x60@2x.png ... 
2017-11-20 14:17:08 +0000  7385 bytes for ./Payload/荣耀黑卡.app/AppIcon60x60@2x.png
copying file ./Payload/荣耀黑卡.app/AppIcon60x60@3x.png ... 
2017-11-20 14:17:08 +0000  11368 bytes for ./Payload/荣耀黑卡.app/AppIcon60x60@3x.png
copying file ./Payload/荣耀黑卡.app/archived-expanded-entitlements.xcent ... 
2017-11-20 14:17:08 +0000  364 bytes for ./Payload/荣耀黑卡.app/archived-expanded-entitlements.xcent
copying file ./Payload/荣耀黑卡.app/Assets.car ... 
2017-11-20 14:17:16 +0000  128218440 bytes for ./Payload/荣耀黑卡.app/Assets.car
2017-11-20 14:17:16 +0000  copying file ./Payload/荣耀黑卡.app/Base.lproj/LaunchScreen.storyboardc/01J-lp-oVM-view-Ze5-6b-2t3.nib ... 
2017-11-20 14:17:16 +0000  1791 bytes for ./Payload/荣耀黑卡.app/Base.lproj/LaunchScreen.storyboardc/01J-lp-oVM-view-Ze5-6b-2t3.nib
copying file ./Payload/荣耀黑卡.app/Base.lproj/LaunchScreen.storyboardc/Info.plist ... 
2017-11-20 14:17:16 +0000  258 bytes for ./Payload/荣耀黑卡.app/Base.lproj/LaunchScreen.storyboardc/Info.plist
copying file ./Payload/荣耀黑卡.app/Base.lproj/LaunchScreen.storyboardc/UIViewController-01J-lp-oVM.nib ... 
2017-11-20 14:17:16 +0000  832 bytes for ./Payload/荣耀黑卡.app/Base.lproj/LaunchScreen.storyboardc/UIViewController-01J-lp-oVM.nib
2017-11-20 14:17:16 +0000  copying file ./Payload/荣耀黑卡.app/cellData.plist ... 
2017-11-20 14:17:16 +0000  745 bytes for ./Payload/荣耀黑卡.app/cellData.plist
copying file ./Payload/荣耀黑卡.app/ClassiftyGoods01.plist ... 
2017-11-20 14:17:16 +0000  2153 bytes for ./Payload/荣耀黑卡.app/ClassiftyGoods01.plist
copying file ./Payload/荣耀黑卡.app/ClassiftyGoods02.plist ... 
2017-11-20 14:17:16 +0000  3001 bytes for ./Payload/荣耀黑卡.app/ClassiftyGoods02.plist
copying file ./Payload/荣耀黑卡.app/ClassiftyGoods03.plist ... 
2017-11-20 14:17:16 +0000  2160 bytes for ./Payload/荣耀黑卡.app/ClassiftyGoods03.plist
copying file ./Payload/荣耀黑卡.app/ClassifyTitles.plist ... 
2017-11-20 14:17:16 +0000  371 bytes for ./Payload/荣耀黑卡.app/ClassifyTitles.plist
copying file ./Payload/荣耀黑卡.app/embedded.mobileprovision ... 
2017-11-20 14:17:16 +0000  7931 bytes for ./Payload/荣耀黑卡.app/embedded.mobileprovision
2017-11-20 14:17:16 +0000  copying file ./Payload/荣耀黑卡.app/Info.plist ... 
2017-11-20 14:17:16 +0000  2092 bytes for ./Payload/荣耀黑卡.app/Info.plist
copying file ./Payload/荣耀黑卡.app/IQKeyboardManager.bundle/IQButtonBarArrowDown@2x.png ... 
2017-11-20 14:17:16 +0000  1764 bytes for ./Payload/荣耀黑卡.app/IQKeyboardManager.bundle/IQButtonBarArrowDown@2x.png
copying file ./Payload/荣耀黑卡.app/IQKeyboardManager.bundle/IQButtonBarArrowDown@3x.png ... 
2017-11-20 14:17:16 +0000  2177 bytes for ./Payload/荣耀黑卡.app/IQKeyboardManager.bundle/IQButtonBarArrowDown@3x.png
copying file ./Payload/荣耀黑卡.app/IQKeyboardManager.bundle/IQButtonBarArrowLeft@2x.png ... 
2017-11-20 14:17:16 +0000  1793 bytes for ./Payload/荣耀黑卡.app/IQKeyboardManager.bundle/IQButtonBarArrowLeft@2x.png
copying file ./Payload/荣耀黑卡.app/IQKeyboardManager.bundle/IQButtonBarArrowLeft@3x.png ... 
2017-11-20 14:17:16 +0000  1815 bytes for ./Payload/荣耀黑卡.app/IQKeyboardManager.bundle/IQButtonBarArrowLeft@3x.png
2017-11-20 14:17:16 +0000  copying file ./Payload/荣耀黑卡.app/IQKeyboardManager.bundle/IQButtonBarArrowRight@2x.png ... 
2017-11-20 14:17:16 +0000  1786 bytes for ./Payload/荣耀黑卡.app/IQKeyboardManager.bundle/IQButtonBarArrowRight@2x.png
copying file ./Payload/荣耀黑卡.app/IQKeyboardManager.bundle/IQButtonBarArrowRight@3x.png ... 
2017-11-20 14:17:16 +0000  1844 bytes for ./Payload/荣耀黑卡.app/IQKeyboardManager.bundle/IQButtonBarArrowRight@3x.png
copying file ./Payload/荣耀黑卡.app/IQKeyboardManager.bundle/IQButtonBarArrowUp@2x.png ... 
2017-11-20 14:17:16 +0000  1769 bytes for ./Payload/荣耀黑卡.app/IQKeyboardManager.bundle/IQButtonBarArrowUp@2x.png
copying file ./Payload/荣耀黑卡.app/IQKeyboardManager.bundle/IQButtonBarArrowUp@3x.png ... 
2017-11-20 14:17:16 +0000  2164 bytes for ./Payload/荣耀黑卡.app/IQKeyboardManager.bundle/IQButtonBarArrowUp@3x.png
2017-11-20 14:17:16 +0000  copying file ./Payload/荣耀黑卡.app/JSCartCell.nib ... 
2017-11-20 14:17:16 +0000  3763 bytes for ./Payload/荣耀黑卡.app/JSCartCell.nib
copying file ./Payload/荣耀黑卡.app/MBHUD_Error@2x.png ... 
2017-11-20 14:17:16 +0000  2541 bytes for ./Payload/荣耀黑卡.app/MBHUD_Error@2x.png
copying file ./Payload/荣耀黑卡.app/MBHUD_Error@3x.png ... 
2017-11-20 14:17:16 +0000  3805 bytes for ./Payload/荣耀黑卡.app/MBHUD_Error@3x.png
copying file ./Payload/荣耀黑卡.app/MBHUD_Info@2x.png ... 
2017-11-20 14:17:16 +0000  2747 bytes for ./Payload/荣耀黑卡.app/MBHUD_Info@2x.png
copying file ./Payload/荣耀黑卡.app/MBHUD_Info@3x.png ... 
2017-11-20 14:17:16 +0000  4074 bytes for ./Payload/荣耀黑卡.app/MBHUD_Info@3x.png
copying file ./Payload/荣耀黑卡.app/MBHUD_Success@2x.png ... 
2017-11-20 14:17:16 +0000  2458 bytes for ./Payload/荣耀黑卡.app/MBHUD_Success@2x.png
copying file ./Payload/荣耀黑卡.app/MBHUD_Success@3x.png ... 
2017-11-20 14:17:16 +0000  3749 bytes for ./Payload/荣耀黑卡.app/MBHUD_Success@3x.png
copying file ./Payload/荣耀黑卡.app/MBHUD_Warn@2x.png ... 
2017-11-20 14:17:16 +0000  4088 bytes for ./Payload/荣耀黑卡.app/MBHUD_Warn@2x.png
copying file ./Payload/荣耀黑卡.app/MBHUD_Warn@3x.png ... 
2017-11-20 14:17:16 +0000  1777 bytes for ./Payload/荣耀黑卡.app/MBHUD_Warn@3x.png
2017-11-20 14:17:16 +0000  copying file ./Payload/荣耀黑卡.app/MJRefresh.bundle/arrow@2x.png ... 
2017-11-20 14:17:16 +0000  1033 bytes for ./Payload/荣耀黑卡.app/MJRefresh.bundle/arrow@2x.png
2017-11-20 14:17:16 +0000  copying file ./Payload/荣耀黑卡.app/MJRefresh.bundle/en.lproj/Localizable.strings ... 
2017-11-20 14:17:16 +0000  1372 bytes for ./Payload/荣耀黑卡.app/MJRefresh.bundle/en.lproj/Localizable.strings
2017-11-20 14:17:16 +0000  copying file ./Payload/荣耀黑卡.app/MJRefresh.bundle/zh-Hans.lproj/Localizable.strings ... 
2017-11-20 14:17:16 +0000  1194 bytes for ./Payload/荣耀黑卡.app/MJRefresh.bundle/zh-Hans.lproj/Localizable.strings
2017-11-20 14:17:16 +0000  copying file ./Payload/荣耀黑卡.app/MJRefresh.bundle/zh-Hant.lproj/Localizable.strings ... 
2017-11-20 14:17:16 +0000  773 bytes for ./Payload/荣耀黑卡.app/MJRefresh.bundle/zh-Hant.lproj/Localizable.strings
2017-11-20 14:17:16 +0000  copying file ./Payload/荣耀黑卡.app/NMCVideoFilter.bundle/lookup.png ... 
2017-11-20 14:17:16 +0000  2095 bytes for ./Payload/荣耀黑卡.app/NMCVideoFilter.bundle/lookup.png
copying file ./Payload/荣耀黑卡.app/NMCVideoFilter.bundle/lookup_amatorka.png ... 
2017-11-20 14:17:16 +0000  126343 bytes for ./Payload/荣耀黑卡.app/NMCVideoFilter.bundle/lookup_amatorka.png
copying file ./Payload/荣耀黑卡.app/NMCVideoFilter.bundle/meiyan1.jpg ... 
2017-11-20 14:17:16 +0000  145966 bytes for ./Payload/荣耀黑卡.app/NMCVideoFilter.bundle/meiyan1.jpg
copying file ./Payload/荣耀黑卡.app/NMCVideoFilter.bundle/meiyan2.jpg ... 
2017-11-20 14:17:16 +0000  113797 bytes for ./Payload/荣耀黑卡.app/NMCVideoFilter.bundle/meiyan2.jpg
2017-11-20 14:17:16 +0000  copying file ./Payload/荣耀黑卡.app/PkgInfo ... 
2017-11-20 14:17:16 +0000  8 bytes for ./Payload/荣耀黑卡.app/PkgInfo
copying file ./Payload/荣耀黑卡.app/SGQRCode.bundle/en.lproj/Root.strings ... 
2017-11-20 14:17:16 +0000  546 bytes for ./Payload/荣耀黑卡.app/SGQRCode.bundle/en.lproj/Root.strings
2017-11-20 14:17:16 +0000  copying file ./Payload/荣耀黑卡.app/SGQRCode.bundle/QRCodeScanningLine@2x.png ... 
2017-11-20 14:17:16 +0000  2231 bytes for ./Payload/荣耀黑卡.app/SGQRCode.bundle/QRCodeScanningLine@2x.png
copying file ./Payload/荣耀黑卡.app/SGQRCode.bundle/QRCodeScanningLine@3x.png ... 
2017-11-20 14:17:16 +0000  3891 bytes for ./Payload/荣耀黑卡.app/SGQRCode.bundle/QRCodeScanningLine@3x.png
copying file ./Payload/荣耀黑卡.app/SGQRCode.bundle/QRCodeScanningLineGrid@2x.png ... 
2017-11-20 14:17:16 +0000  7999 bytes for ./Payload/荣耀黑卡.app/SGQRCode.bundle/QRCodeScanningLineGrid@2x.png
copying file ./Payload/荣耀黑卡.app/SGQRCode.bundle/QRCodeScanningLineGrid@3x.png ... 
2017-11-20 14:17:16 +0000  14817 bytes for ./Payload/荣耀黑卡.app/SGQRCode.bundle/QRCodeScanningLineGrid@3x.png
copying file ./Payload/荣耀黑卡.app/SGQRCode.bundle/Root.plist ... 
2017-11-20 14:17:16 +0000  1456 bytes for ./Payload/荣耀黑卡.app/SGQRCode.bundle/Root.plist
copying file ./Payload/荣耀黑卡.app/SGQRCode.bundle/sound.caf ... 
2017-11-20 14:17:16 +0000  129556 bytes for ./Payload/荣耀黑卡.app/SGQRCode.bundle/sound.caf
2017-11-20 14:17:16 +0000  copying file ./Payload/荣耀黑卡.app/UMSocialSDKPromptResources.bundle/en.lproj/UMSocialPromptLocalizable.strings ... 
2017-11-20 14:17:16 +0000  8304 bytes for ./Payload/荣耀黑卡.app/UMSocialSDKPromptResources.bundle/en.lproj/UMSocialPromptLocalizable.strings
2017-11-20 14:17:16 +0000  copying file ./Payload/荣耀黑卡.app/UMSocialSDKPromptResources.bundle/zh-Hans.lproj/UMSocialPromptLocalizable.strings ... 
2017-11-20 14:17:16 +0000  8304 bytes for ./Payload/荣耀黑卡.app/UMSocialSDKPromptResources.bundle/zh-Hans.lproj/UMSocialPromptLocalizable.strings
2017-11-20 14:17:16 +0000  copying file ./Payload/荣耀黑卡.app/UMSocialSDKResources.bundle/Buttons/UMS_add_friend_off@2x.png ... 
2017-11-20 14:17:16 +0000  134 bytes for ./Payload/荣耀黑卡.app/UMSocialSDKResources.bundle/Buttons/UMS_add_friend_off@2x.png
copying file ./Payload/荣耀黑卡.app/UMSocialSDKResources.bundle/Buttons/UMS_delete_image_button_normal@2x.png ... 
2017-11-20 14:17:16 +0000  891 bytes for ./Payload/荣耀黑卡.app/UMSocialSDKResources.bundle/Buttons/UMS_delete_image_button_normal@2x.png
2017-11-20 14:17:16 +0000  copying file ./Payload/荣耀黑卡.app/UMSocialSDKResources.bundle/Buttons/UMS_nav_button_close@2x.png ... 
2017-11-20 14:17:16 +0000  500 bytes for ./Payload/荣耀黑卡.app/UMSocialSDKResources.bundle/Buttons/UMS_nav_button_close@2x.png
2017-11-20 14:17:16 +0000  copying file ./Payload/荣耀黑卡.app/UMSocialSDKResources.bundle/Buttons/UMS_nav_button_send@2x.png ... 
2017-11-20 14:17:16 +0000  1624 bytes for ./Payload/荣耀黑卡.app/UMSocialSDKResources.bundle/Buttons/UMS_nav_button_send@2x.png
copying file ./Payload/荣耀黑卡.app/UMSocialSDKResources.bundle/Buttons/UMS_url_image@2x.png ... 
2017-11-20 14:17:16 +0000  1562 bytes for ./Payload/荣耀黑卡.app/UMSocialSDKResources.bundle/Buttons/UMS_url_image@2x.png
copying file ./Payload/荣耀黑卡.app/UMSocialSDKResources.bundle/Buttons/UMS_url_music@2x.png ... 
2017-11-20 14:17:16 +0000  1771 bytes for ./Payload/荣耀黑卡.app/UMSocialSDKResources.bundle/Buttons/UMS_url_music@2x.png
copying file ./Payload/荣耀黑卡.app/UMSocialSDKResources.bundle/Buttons/UMS_url_video@2x.png ... 
2017-11-20 14:17:16 +0000  2062 bytes for ./Payload/荣耀黑卡.app/UMSocialSDKResources.bundle/Buttons/UMS_url_video@2x.png
2017-11-20 14:17:16 +0000  copying file ./Payload/荣耀黑卡.app/UMSocialSDKResources.bundle/en.lproj/UMSocialLocalizable.strings ... 
2017-11-20 14:17:16 +0000  6503 bytes for ./Payload/荣耀黑卡.app/UMSocialSDKResources.bundle/en.lproj/UMSocialLocalizable.strings
2017-11-20 14:17:16 +0000  copying file ./Payload/荣耀黑卡.app/UMSocialSDKResources.bundle/UMSocialPlatformTheme/default/umsocial_alipay.png ... 
2017-11-20 14:17:16 +0000  1370 bytes for ./Payload/荣耀黑卡.app/UMSocialSDKResources.bundle/UMSocialPlatformTheme/default/umsocial_alipay.png
copying file ./Payload/荣耀黑卡.app/UMSocialSDKResources.bundle/UMSocialPlatformTheme/default/umsocial_default.png ... 
2017-11-20 14:17:16 +0000  4203 bytes for ./Payload/荣耀黑卡.app/UMSocialSDKResources.bundle/UMSocialPlatformTheme/default/umsocial_default.png
copying file ./Payload/荣耀黑卡.app/UMSocialSDKResources.bundle/UMSocialPlatformTheme/default/umsocial_dingding.png ... 
2017-11-20 14:17:16 +0000  1390 bytes for ./Payload/荣耀黑卡.app/UMSocialSDKResources.bundle/UMSocialPlatformTheme/default/umsocial_dingding.png
copying file ./Payload/荣耀黑卡.app/UMSocialSDKResources.bundle/UMSocialPlatformTheme/default/umsocial_douban.png ... 
2017-11-20 14:17:16 +0000  813 bytes for ./Payload/荣耀黑卡.app/UMSocialSDKResources.bundle/UMSocialPlatformTheme/default/umsocial_douban.png
copying file ./Payload/荣耀黑卡.app/UMSocialSDKResources.bundle/UMSocialPlatformTheme/default/umsocial_dropbox.png ... 
2017-11-20 14:17:16 +0000  1692 bytes for ./Payload/荣耀黑卡.app/UMSocialSDKResources.bundle/UMSocialPlatformTheme/default/umsocial_dropbox.png
copying file ./Payload/荣耀黑卡.app/UMSocialSDKResources.bundle/UMSocialPlatformTheme/default/umsocial_email.png ... 
2017-11-20 14:17:16 +0000  1211 bytes for ./Payload/荣耀黑卡.app/UMSocialSDKResources.bundle/UMSocialPlatformTheme/default/umsocial_email.png
copying file ./Payload/荣耀黑卡.app/UMSocialSDKResources.bundle/UMSocialPlatformTheme/default/umsocial_evernote.png ... 
2017-11-20 14:17:16 +0000  1267 bytes for ./Payload/荣耀黑卡.app/UMSocialSDKResources.bundle/UMSocialPlatformTheme/default/umsocial_evernote.png
copying file ./Payload/荣耀黑卡.app/UMSocialSDKResources.bundle/UMSocialPlatformTheme/default/umsocial_facebook.png ... 
2017-11-20 14:17:16 +0000  1468 bytes for ./Payload/荣耀黑卡.app/UMSocialSDKResources.bundle/UMSocialPlatformTheme/default/umsocial_facebook.png
copying file ./Payload/荣耀黑卡.app/UMSocialSDKResources.bundle/UMSocialPlatformTheme/default/umsocial_facebookmessenger.png ... 
2017-11-20 14:17:16 +0000  1749 bytes for ./Payload/荣耀黑卡.app/UMSocialSDKResources.bundle/UMSocialPlatformTheme/default/umsocial_facebookmessenger.png
copying file ./Payload/荣耀黑卡.app/UMSocialSDKResources.bundle/UMSocialPlatformTheme/default/umsocial_flickr.png ... 
2017-11-20 14:17:16 +0000  979 bytes for ./Payload/荣耀黑卡.app/UMSocialSDKResources.bundle/UMSocialPlatformTheme/default/umsocial_flickr.png
copying file ./Payload/荣耀黑卡.app/UMSocialSDKResources.bundle/UMSocialPlatformTheme/default/umsocial_googleplus.png ... 
2017-11-20 14:17:16 +0000  2320 bytes for ./Payload/荣耀黑卡.app/UMSocialSDKResources.bundle/UMSocialPlatformTheme/default/umsocial_googleplus.png
copying file ./Payload/荣耀黑卡.app/UMSocialSDKResources.bundle/UMSocialPlatformTheme/default/umsocial_instagram.png ... 
2017-11-20 14:17:16 +0000  1952 bytes for ./Payload/荣耀黑卡.app/UMSocialSDKResources.bundle/UMSocialPlatformTheme/default/umsocial_instagram.png
copying file ./Payload/荣耀黑卡.app/UMSocialSDKResources.bundle/UMSocialPlatformTheme/default/umsocial_kakaoTalk.png ... 
2017-11-20 14:17:16 +0000  1893 bytes for ./Payload/荣耀黑卡.app/UMSocialSDKResources.bundle/UMSocialPlatformTheme/default/umsocial_kakaoTalk.png
copying file ./Payload/荣耀黑卡.app/UMSocialSDKResources.bundle/UMSocialPlatformTheme/default/umsocial_line.png ... 
2017-11-20 14:17:16 +0000  1720 bytes for ./Payload/荣耀黑卡.app/UMSocialSDKResources.bundle/UMSocialPlatformTheme/default/umsocial_line.png
copying file ./Payload/荣耀黑卡.app/UMSocialSDKResources.bundle/UMSocialPlatformTheme/default/umsocial_linkedin.png ... 
2017-11-20 14:17:16 +0000  1637 bytes for ./Payload/荣耀黑卡.app/UMSocialSDKResources.bundle/UMSocialPlatformTheme/default/umsocial_linkedin.png
copying file ./Payload/荣耀黑卡.app/UMSocialSDKResources.bundle/UMSocialPlatformTheme/default/umsocial_lw_session.png ... 
2017-11-20 14:17:16 +0000  2391 bytes for ./Payload/荣耀黑卡.app/UMSocialSDKResources.bundle/UMSocialPlatformTheme/default/umsocial_lw_session.png
copying file ./Payload/荣耀黑卡.app/UMSocialSDKResources.bundle/UMSocialPlatformTheme/default/umsocial_lw_timeline.png ... 
2017-11-20 14:17:16 +0000  1139 bytes for ./Payload/荣耀黑卡.app/UMSocialSDKResources.bundle/UMSocialPlatformTheme/default/umsocial_lw_timeline.png
copying file ./Payload/荣耀黑卡.app/UMSocialSDKResources.bundle/UMSocialPlatformTheme/default/umsocial_pinterest.png ... 
2017-11-20 14:17:16 +0000  1987 bytes for ./Payload/荣耀黑卡.app/UMSocialSDKResources.bundle/UMSocialPlatformTheme/default/umsocial_pinterest.png
copying file ./Payload/荣耀黑卡.app/UMSocialSDKResources.bundle/UMSocialPlatformTheme/default/umsocial_pocket.png ... 
2017-11-20 14:17:16 +0000  1405 bytes for ./Payload/荣耀黑卡.app/UMSocialSDKResources.bundle/UMSocialPlatformTheme/default/umsocial_pocket.png
copying file ./Payload/荣耀黑卡.app/UMSocialSDKResources.bundle/UMSocialPlatformTheme/default/umsocial_qq.png ... 
2017-11-20 14:17:16 +0000  3505 bytes for ./Payload/荣耀黑卡.app/UMSocialSDKResources.bundle/UMSocialPlatformTheme/default/umsocial_qq.png
copying file ./Payload/荣耀黑卡.app/UMSocialSDKResources.bundle/UMSocialPlatformTheme/default/umsocial_qzone.png ... 
2017-11-20 14:17:16 +0000  2083 bytes for ./Payload/荣耀黑卡.app/UMSocialSDKResources.bundle/UMSocialPlatformTheme/default/umsocial_qzone.png
copying file ./Payload/荣耀黑卡.app/UMSocialSDKResources.bundle/UMSocialPlatformTheme/default/umsocial_renren.png ... 
2017-11-20 14:17:16 +0000  1529 bytes for ./Payload/荣耀黑卡.app/UMSocialSDKResources.bundle/UMSocialPlatformTheme/default/umsocial_renren.png
copying file ./Payload/荣耀黑卡.app/UMSocialSDKResources.bundle/UMSocialPlatformTheme/default/umsocial_sina.png ... 
2017-11-20 14:17:16 +0000  2581 bytes for ./Payload/荣耀黑卡.app/UMSocialSDKResources.bundle/UMSocialPlatformTheme/default/umsocial_sina.png
copying file ./Payload/荣耀黑卡.app/UMSocialSDKResources.bundle/UMSocialPlatformTheme/default/umsocial_sms.png ... 
2017-11-20 14:17:16 +0000  1127 bytes for ./Payload/荣耀黑卡.app/UMSocialSDKResources.bundle/UMSocialPlatformTheme/default/umsocial_sms.png
copying file ./Payload/荣耀黑卡.app/UMSocialSDKResources.bundle/UMSocialPlatformTheme/default/umsocial_tencentWB.png ... 
2017-11-20 14:17:16 +0000  1943 bytes for ./Payload/荣耀黑卡.app/UMSocialSDKResources.bundle/UMSocialPlatformTheme/default/umsocial_tencentWB.png
copying file ./Payload/荣耀黑卡.app/UMSocialSDKResources.bundle/UMSocialPlatformTheme/default/umsocial_tim.png ... 
2017-11-20 14:17:16 +0000  2597 bytes for ./Payload/荣耀黑卡.app/UMSocialSDKResources.bundle/UMSocialPlatformTheme/default/umsocial_tim.png
copying file ./Payload/荣耀黑卡.app/UMSocialSDKResources.bundle/UMSocialPlatformTheme/default/umsocial_tumblr.png ... 
2017-11-20 14:17:16 +0000  1564 bytes for ./Payload/荣耀黑卡.app/UMSocialSDKResources.bundle/UMSocialPlatformTheme/default/umsocial_tumblr.png
copying file ./Payload/荣耀黑卡.app/UMSocialSDKResources.bundle/UMSocialPlatformTheme/default/umsocial_twitter.png ... 
2017-11-20 14:17:16 +0000  1442 bytes for ./Payload/荣耀黑卡.app/UMSocialSDKResources.bundle/UMSocialPlatformTheme/default/umsocial_twitter.png
copying file ./Payload/荣耀黑卡.app/UMSocialSDKResources.bundle/UMSocialPlatformTheme/default/umsocial_vkontakte.png ... 
2017-11-20 14:17:16 +0000  1867 bytes for ./Payload/荣耀黑卡.app/UMSocialSDKResources.bundle/UMSocialPlatformTheme/default/umsocial_vkontakte.png
copying file ./Payload/荣耀黑卡.app/UMSocialSDKResources.bundle/UMSocialPlatformTheme/default/umsocial_wechat.png ... 
2017-11-20 14:17:16 +0000  1628 bytes for ./Payload/荣耀黑卡.app/UMSocialSDKResources.bundle/UMSocialPlatformTheme/default/umsocial_wechat.png
copying file ./Payload/荣耀黑卡.app/UMSocialSDKResources.bundle/UMSocialPlatformTheme/default/umsocial_wechat_favorite.png ... 
2017-11-20 14:17:16 +0000  1179 bytes for ./Payload/荣耀黑卡.app/UMSocialSDKResources.bundle/UMSocialPlatformTheme/default/umsocial_wechat_favorite.png
copying file ./Payload/荣耀黑卡.app/UMSocialSDKResources.bundle/UMSocialPlatformTheme/default/umsocial_wechat_timeline.png ... 
2017-11-20 14:17:16 +0000  1506 bytes for ./Payload/荣耀黑卡.app/UMSocialSDKResources.bundle/UMSocialPlatformTheme/default/umsocial_wechat_timeline.png
copying file ./Payload/荣耀黑卡.app/UMSocialSDKResources.bundle/UMSocialPlatformTheme/default/umsocial_whatsapp.png ... 
2017-11-20 14:17:16 +0000  1832 bytes for ./Payload/荣耀黑卡.app/UMSocialSDKResources.bundle/UMSocialPlatformTheme/default/umsocial_whatsapp.png
copying file ./Payload/荣耀黑卡.app/UMSocialSDKResources.bundle/UMSocialPlatformTheme/default/umsocial_yixin_favorite.png ... 
2017-11-20 14:17:16 +0000  4145 bytes for ./Payload/荣耀黑卡.app/UMSocialSDKResources.bundle/UMSocialPlatformTheme/default/umsocial_yixin_favorite.png
copying file ./Payload/荣耀黑卡.app/UMSocialSDKResources.bundle/UMSocialPlatformTheme/default/umsocial_yixin_session.png ... 
2017-11-20 14:17:16 +0000  1833 bytes for ./Payload/荣耀黑卡.app/UMSocialSDKResources.bundle/UMSocialPlatformTheme/default/umsocial_yixin_session.png
copying file ./Payload/荣耀黑卡.app/UMSocialSDKResources.bundle/UMSocialPlatformTheme/default/umsocial_yixin_timeline.png ... 
2017-11-20 14:17:16 +0000  2199 bytes for ./Payload/荣耀黑卡.app/UMSocialSDKResources.bundle/UMSocialPlatformTheme/default/umsocial_yixin_timeline.png
2017-11-20 14:17:16 +0000  copying file ./Payload/荣耀黑卡.app/UMSocialSDKResources.bundle/UMSocialPlatformTheme/default/umsocial_youdaonote.png ... 
2017-11-20 14:17:16 +0000  1158 bytes for ./Payload/荣耀黑卡.app/UMSocialSDKResources.bundle/UMSocialPlatformTheme/default/umsocial_youdaonote.png
2017-11-20 14:17:16 +0000  copying file ./Payload/荣耀黑卡.app/UMSocialSDKResources.bundle/UMSocialWaterMark/umsocial_defaultwatermark.png ... 
2017-11-20 14:17:16 +0000  3003 bytes for ./Payload/荣耀黑卡.app/UMSocialSDKResources.bundle/UMSocialWaterMark/umsocial_defaultwatermark.png
2017-11-20 14:17:16 +0000  copying file ./Payload/荣耀黑卡.app/UMSocialSDKResources.bundle/zh-Hans.lproj/UMSocialLocalizable.strings ... 
2017-11-20 14:17:16 +0000  6685 bytes for ./Payload/荣耀黑卡.app/UMSocialSDKResources.bundle/zh-Hans.lproj/UMSocialLocalizable.strings
2017-11-20 14:17:16 +0000  copying file ./Payload/荣耀黑卡.app/YouLikeGoods.plist ... 
2017-11-20 14:17:16 +0000  1792 bytes for ./Payload/荣耀黑卡.app/YouLikeGoods.plist
copying file ./Payload/荣耀黑卡.app/ZSHSpeedy.d ... 
2017-11-20 14:17:16 +0000  9644 bytes for ./Payload/荣耀黑卡.app/ZSHSpeedy.d
copying file ./Payload/荣耀黑卡.app/ZSHSpeedy.dia ... 
2017-11-20 14:17:16 +0000  220 bytes for ./Payload/荣耀黑卡.app/ZSHSpeedy.dia
copying file ./Payload/荣耀黑卡.app/ZSHSpeedy.h ... 
2017-11-20 14:17:16 +0000  2238 bytes for ./Payload/荣耀黑卡.app/ZSHSpeedy.h
copying file ./Payload/荣耀黑卡.app/ZSHSpeedy.o ... 
2017-11-20 14:17:16 +0000  55964 bytes for ./Payload/荣耀黑卡.app/ZSHSpeedy.o
copying file ./Payload/荣耀黑卡.app/荣耀黑卡 ... 
2017-11-20 14:17:18 +0000  26540384 bytes for ./Payload/荣耀黑卡.app/荣耀黑卡
2017-11-20 14:17:18 +0000  /usr/bin/ditto exited with 0
2017-11-20 14:17:18 +0000  Processing step: IDEDistributionCreateManifestStep
